<?xml version="1.0" encoding="UTF-8"?>
<!-- Generated by org.testng.reporters.JUnitXMLReporter -->
<testsuite ignored="0" hostname="DESKTOP-4QBB53S" failures="0" tests="4" name="Default test" time="120.596" errors="0" timestamp="2023-06-28T17:06:45 IST">
  <testcase classname="Exelwash_Test_Methods.ExelWash_Operations" name="enter_user_SignUp_Details" time="83.016"/>
  <testcase classname="Exelwash_Test_Methods.ExelWash_Operations" name="enter_user_Login_Details" time="9.373"/>
  <testcase classname="Exelwash_Test_Methods.ExelWash_Operations" name="click_On_Services" time="16.116"/>
  <testcase classname="Exelwash_Test_Methods.ExelWash_Operations" name="chacking_Home_Page_Functionality" time="12.008"/>
</testsuite> <!-- Default test -->
