<?xml version="1.0" encoding="UTF-8"?>
<testng-results ignored="0" total="4" passed="4" failed="0" skipped="0">
  <reporter-output>
  </reporter-output>
  <suite started-at="2023-06-23T13:12:51 IST" name="Default suite" finished-at="2023-06-23T13:14:02 IST" duration-ms="70618">
    <groups>
    </groups>
    <test started-at="2023-06-23T13:12:51 IST" name="Default test" finished-at="2023-06-23T13:14:02 IST" duration-ms="70618">
      <class name="Exelwash_Test_Methods.ExelWash_Operations">
        <test-method signature="enter_user_SignUp_Details()[pri:0, instance:Exelwash_Test_Methods.ExelWash_Operations@54a7079e]" started-at="2023-06-23T13:12:52 IST" name="enter_user_SignUp_Details" finished-at="2023-06-23T13:13:09 IST" duration-ms="17382" status="PASS">
          <reporter-output>
          </reporter-output>
        </test-method> <!-- enter_user_SignUp_Details -->
        <test-method signature="enter_user_Login_Details()[pri:2, instance:Exelwash_Test_Methods.ExelWash_Operations@54a7079e]" started-at="2023-06-23T13:13:09 IST" name="enter_user_Login_Details" finished-at="2023-06-23T13:13:24 IST" duration-ms="14910" status="PASS">
          <reporter-output>
          </reporter-output>
        </test-method> <!-- enter_user_Login_Details -->
        <test-method signature="click_On_Services()[pri:3, instance:Exelwash_Test_Methods.ExelWash_Operations@54a7079e]" started-at="2023-06-23T13:13:24 IST" name="click_On_Services" finished-at="2023-06-23T13:13:46 IST" duration-ms="22117" status="PASS">
          <reporter-output>
          </reporter-output>
        </test-method> <!-- click_On_Services -->
        <test-method signature="chacking_Home_Page_Functionality()[pri:4, instance:Exelwash_Test_Methods.ExelWash_Operations@54a7079e]" started-at="2023-06-23T13:13:46 IST" name="chacking_Home_Page_Functionality" finished-at="2023-06-23T13:14:02 IST" duration-ms="16074" status="PASS">
          <reporter-output>
          </reporter-output>
        </test-method> <!-- chacking_Home_Page_Functionality -->
      </class> <!-- Exelwash_Test_Methods.ExelWash_Operations -->
    </test> <!-- Default test -->
  </suite> <!-- Default suite -->
</testng-results>
