<?xml version="1.0" encoding="UTF-8"?>
<testng-results ignored="0" total="4" passed="4" failed="0" skipped="0">
  <reporter-output>
  </reporter-output>
  <suite started-at="2023-06-28T17:04:45 IST" name="Default suite" finished-at="2023-06-28T17:06:45 IST" duration-ms="120596">
    <groups>
    </groups>
    <test started-at="2023-06-28T17:04:45 IST" name="Default test" finished-at="2023-06-28T17:06:45 IST" duration-ms="120596">
      <class name="Exelwash_Test_Methods.ExelWash_Operations">
        <test-method signature="enter_user_SignUp_Details()[pri:0, instance:Exelwash_Test_Methods.ExelWash_Operations@4d5650ae]" started-at="2023-06-28T17:04:45 IST" name="enter_user_SignUp_Details" finished-at="2023-06-28T17:06:08 IST" duration-ms="83016" status="PASS">
          <reporter-output>
          </reporter-output>
        </test-method> <!-- enter_user_SignUp_Details -->
        <test-method signature="enter_user_Login_Details()[pri:2, instance:Exelwash_Test_Methods.ExelWash_Operations@4d5650ae]" started-at="2023-06-28T17:06:08 IST" name="enter_user_Login_Details" finished-at="2023-06-28T17:06:17 IST" duration-ms="9373" status="PASS">
          <reporter-output>
          </reporter-output>
        </test-method> <!-- enter_user_Login_Details -->
        <test-method signature="click_On_Services()[pri:3, instance:Exelwash_Test_Methods.ExelWash_Operations@4d5650ae]" started-at="2023-06-28T17:06:17 IST" name="click_On_Services" finished-at="2023-06-28T17:06:33 IST" duration-ms="16116" status="PASS">
          <reporter-output>
          </reporter-output>
        </test-method> <!-- click_On_Services -->
        <test-method signature="chacking_Home_Page_Functionality()[pri:4, instance:Exelwash_Test_Methods.ExelWash_Operations@4d5650ae]" started-at="2023-06-28T17:06:33 IST" name="chacking_Home_Page_Functionality" finished-at="2023-06-28T17:06:45 IST" duration-ms="12008" status="PASS">
          <reporter-output>
          </reporter-output>
        </test-method> <!-- chacking_Home_Page_Functionality -->
      </class> <!-- Exelwash_Test_Methods.ExelWash_Operations -->
    </test> <!-- Default test -->
  </suite> <!-- Default suite -->
</testng-results>
